🤖 CYBORG 🤖 2025-11-27T09:17:12,299 [scenario=RoAGeneratedTest.shouldCreateAndDeleteLeaderUserSuccessfully] EXTENDED [QUEST] - Service: 'io.cyborgcode.roa.framework.chain.FluentServiceDecorator' has been registered for the quest
🤖 CYBORG 🤖 2025-11-27T09:17:12,320 [scenario=RoAGeneratedTest.shouldCreateAndDeleteLeaderUserSuccessfully] EXTENDED [QUEST] - Service: 'io.cyborgcode.roa.framework.chain.FluentServiceDecorator' has been registered for the quest
🤖 CYBORG 🤖 2025-11-27T09:17:12,329 [scenario=RoAGeneratedTest.shouldCreateAndDeleteLeaderUserSuccessfully] EXTENDED [QUEST] - Service: 'io.cyborgcode.roa.framework.chain.FluentServiceDecorator' has been registered for the quest
🤖 CYBORG 🤖 2025-11-27T09:17:12,338 [scenario=RoAGeneratedTest.shouldCreateAndDeleteLeaderUserSuccessfully] INFO  [QUEST] - The quest: 'shouldCreateAndDeleteLeaderUserSuccessfully(Quest, Late)' has begun and is crafted.
🤖 CYBORG 🤖 2025-11-27T09:17:12,348 [scenario=RoAGeneratedTest.shouldCreateAndDeleteLeaderUserSuccessfully] EXTENDED [API] - Updated quest storage with credentials for username: eve.holt@reqres.in
🤖 CYBORG 🤖 2025-11-27T09:17:12,361 [scenario=RoAGeneratedTest.shouldCreateAndDeleteLeaderUserSuccessfully] INFO  [QUEST] - The quest has used the ring: 'API'
🤖 CYBORG 🤖 2025-11-27T09:17:13,106 [scenario=RoAGeneratedTest.shouldCreateAndDeleteLeaderUserSuccessfully] STEP  [API] - Sending request to endpoint POST-https://reqres.in/api/login.
🤖 CYBORG 🤖 2025-11-27T09:17:13,113 [scenario=RoAGeneratedTest.shouldCreateAndDeleteLeaderUserSuccessfully] EXTENDED [API] - Request body: {
🤖 CYBORG 🤖 2025-11-27T09:17:13,119 [scenario=RoAGeneratedTest.shouldCreateAndDeleteLeaderUserSuccessfully] EXTENDED [API] - Request headers: Content-Type=application/json
🤖 CYBORG 🤖 2025-11-27T09:17:13,828 [scenario=RoAGeneratedTest.shouldCreateAndDeleteLeaderUserSuccessfully] STEP  [API] - Response with status: 200 received from endpoint: POST-https://reqres.in/api/login in 699ms.
🤖 CYBORG 🤖 2025-11-27T09:17:13,851 [scenario=RoAGeneratedTest.shouldCreateAndDeleteLeaderUserSuccessfully] EXTENDED [API] - Response body: {
🤖 CYBORG 🤖 2025-11-27T09:17:13,856 [scenario=RoAGeneratedTest.shouldCreateAndDeleteLeaderUserSuccessfully] EXTENDED [API] - Response headers: Date=Thu, 27 Nov 2025 09:17:13 GMT
🤖 CYBORG 🤖 2025-11-27T09:17:14,226 [scenario=RoAGeneratedTest.shouldCreateAndDeleteLeaderUserSuccessfully] INFO  [API] - Successfully authenticated user: eve.holt@reqres.in
🤖 CYBORG 🤖 2025-11-27T09:17:14,253 [scenario=RoAGeneratedTest.shouldCreateAndDeleteLeaderUserSuccessfully] INFO  [QUEST] - The quest has used the ring: 'Gondor'
🤖 CYBORG 🤖 2025-11-27T09:17:14,257 [scenario=RoAGeneratedTest.shouldCreateAndDeleteLeaderUserSuccessfully] INFO  [QUEST] - The quest has used the ring: 'API'
🤖 CYBORG 🤖 2025-11-27T09:17:14,271 [scenario=RoAGeneratedTest.shouldCreateAndDeleteLeaderUserSuccessfully] STEP  [API] - Sending request to endpoint POST-https://reqres.in/api/users.
🤖 CYBORG 🤖 2025-11-27T09:17:14,276 [scenario=RoAGeneratedTest.shouldCreateAndDeleteLeaderUserSuccessfully] EXTENDED [API] - Request body: {
🤖 CYBORG 🤖 2025-11-27T09:17:14,279 [scenario=RoAGeneratedTest.shouldCreateAndDeleteLeaderUserSuccessfully] EXTENDED [API] - Request headers: Content-Type=application/json
🤖 CYBORG 🤖 2025-11-27T09:17:14,517 [scenario=RoAGeneratedTest.shouldCreateAndDeleteLeaderUserSuccessfully] STEP  [API] - Response with status: 201 received from endpoint: POST-https://reqres.in/api/users in 233ms.
🤖 CYBORG 🤖 2025-11-27T09:17:14,522 [scenario=RoAGeneratedTest.shouldCreateAndDeleteLeaderUserSuccessfully] EXTENDED [API] - Response body: {
🤖 CYBORG 🤖 2025-11-27T09:17:14,526 [scenario=RoAGeneratedTest.shouldCreateAndDeleteLeaderUserSuccessfully] EXTENDED [API] - Response headers: Date=Thu, 27 Nov 2025 09:17:14 GMT
🤖 CYBORG 🤖 2025-11-27T09:17:14,533 [scenario=RoAGeneratedTest.shouldCreateAndDeleteLeaderUserSuccessfully] INFO  [API] - Starting response validation with 3 assertion(s).
🤖 CYBORG 🤖 2025-11-27T09:17:14,556 [scenario=RoAGeneratedTest.shouldCreateAndDeleteLeaderUserSuccessfully] EXTENDED [API] - Validation target: [{name=Morpheus, job=Leader, AssertionKeyForStatus=201}]
🤖 CYBORG 🤖 2025-11-27T09:17:14,563 [scenario=RoAGeneratedTest.shouldCreateAndDeleteLeaderUserSuccessfully] VALIDATION [QUEST] - ✔ Validation passed: IS (Expected: 201, Actual: 201)
🤖 CYBORG 🤖 2025-11-27T09:17:14,597 [scenario=RoAGeneratedTest.shouldCreateAndDeleteLeaderUserSuccessfully] VALIDATION [QUEST] - ✔ Validation passed: IS (Expected: Morpheus, Actual: Morpheus)
🤖 CYBORG 🤖 2025-11-27T09:17:14,894 [scenario=RoAGeneratedTest.shouldCreateAndDeleteLeaderUserSuccessfully] VALIDATION [QUEST] - ✔ Validation passed: IS (Expected: Leader, Actual: Leader)
🤖 CYBORG 🤖 2025-11-27T09:17:14,900 [scenario=RoAGeneratedTest.shouldCreateAndDeleteLeaderUserSuccessfully] INFO  [QUEST] - The quest has dropped the ring.
🤖 CYBORG 🤖 2025-11-27T09:17:14,905 [scenario=RoAGeneratedTest.shouldCreateAndDeleteLeaderUserSuccessfully] INFO  [QUEST] - The quest has used the ring: 'API'
🤖 CYBORG 🤖 2025-11-27T09:17:14,911 [scenario=RoAGeneratedTest.shouldCreateAndDeleteLeaderUserSuccessfully] VALIDATION [QUEST] - Starting hard validation...
🤖 CYBORG 🤖 2025-11-27T09:17:14,915 [scenario=RoAGeneratedTest.shouldCreateAndDeleteLeaderUserSuccessfully] EXTENDED [QUEST] - Fetching data from storage by key: 'POST_CREATE_USER' and type: 'io.restassured.response.Response'
🤖 CYBORG 🤖 2025-11-27T09:17:14,971 [scenario=RoAGeneratedTest.shouldCreateAndDeleteLeaderUserSuccessfully] VALIDATION [QUEST] - Hard validation completed successfully.
🤖 CYBORG 🤖 2025-11-27T09:17:14,975 [scenario=RoAGeneratedTest.shouldCreateAndDeleteLeaderUserSuccessfully] EXTENDED [QUEST] - Fetching data from storage by key: 'POST_CREATE_USER' and type: 'io.restassured.response.Response'
🤖 CYBORG 🤖 2025-11-27T09:17:14,989 [scenario=RoAGeneratedTest.shouldCreateAndDeleteLeaderUserSuccessfully] INFO  [API] - Prepared RequestSpecification with pathParams: {id=409}, queryParams: {}, headers: {}
🤖 CYBORG 🤖 2025-11-27T09:17:14,997 [scenario=RoAGeneratedTest.shouldCreateAndDeleteLeaderUserSuccessfully] STEP  [API] - Sending request to endpoint DELETE-https://reqres.in/api/users/409.
🤖 CYBORG 🤖 2025-11-27T09:17:15,002 [scenario=RoAGeneratedTest.shouldCreateAndDeleteLeaderUserSuccessfully] EXTENDED [API] - Request body: .
🤖 CYBORG 🤖 2025-11-27T09:17:15,005 [scenario=RoAGeneratedTest.shouldCreateAndDeleteLeaderUserSuccessfully] EXTENDED [API] - Request headers: Content-Type=application/json
🤖 CYBORG 🤖 2025-11-27T09:17:15,308 [scenario=RoAGeneratedTest.shouldCreateAndDeleteLeaderUserSuccessfully] STEP  [API] - Response with status: 204 received from endpoint: DELETE-https://reqres.in/api/users/409 in 297ms.
🤖 CYBORG 🤖 2025-11-27T09:17:15,314 [scenario=RoAGeneratedTest.shouldCreateAndDeleteLeaderUserSuccessfully] EXTENDED [API] - Response body: .
🤖 CYBORG 🤖 2025-11-27T09:17:15,317 [scenario=RoAGeneratedTest.shouldCreateAndDeleteLeaderUserSuccessfully] EXTENDED [API] - Response headers: Date=Thu, 27 Nov 2025 09:17:15 GMT
🤖 CYBORG 🤖 2025-11-27T09:17:15,321 [scenario=RoAGeneratedTest.shouldCreateAndDeleteLeaderUserSuccessfully] INFO  [API] - Starting response validation with 1 assertion(s).
🤖 CYBORG 🤖 2025-11-27T09:17:15,324 [scenario=RoAGeneratedTest.shouldCreateAndDeleteLeaderUserSuccessfully] EXTENDED [API] - Validation target: [{AssertionKeyForStatus=204}]
🤖 CYBORG 🤖 2025-11-27T09:17:15,327 [scenario=RoAGeneratedTest.shouldCreateAndDeleteLeaderUserSuccessfully] VALIDATION [QUEST] - ✔ Validation passed: IS (Expected: 204, Actual: 204)
🤖 CYBORG 🤖 2025-11-27T09:17:15,330 [scenario=RoAGeneratedTest.shouldCreateAndDeleteLeaderUserSuccessfully] INFO  [QUEST] - The quest has dropped the ring.
🤖 CYBORG 🤖 2025-11-27T09:17:15,333 [scenario=RoAGeneratedTest.shouldCreateAndDeleteLeaderUserSuccessfully] INFO  [QUEST] - The quest has reached his end
🤖 CYBORG 🤖 2025-11-27T09:17:15,338 [scenario=RoAGeneratedTest.shouldCreateAndDeleteLeaderUserSuccessfully] INFO  [QUEST] - The ripper has arrived
🤖 CYBORG 🤖 2025-11-27T09:17:15,352 [scenario=RoAGeneratedTest.shouldCreateAndDeleteLeaderUserSuccessfully] INFO  [QUEST] - The quest has used the ring: 'API'
🤖 CYBORG 🤖 2025-11-27T09:17:15,357 [scenario=RoAGeneratedTest.shouldCreateAndDeleteLeaderUserSuccessfully] INFO  [API] - Prepared RequestSpecification with pathParams: {id=3}, queryParams: {}, headers: {}
🤖 CYBORG 🤖 2025-11-27T09:17:15,361 [scenario=RoAGeneratedTest.shouldCreateAndDeleteLeaderUserSuccessfully] STEP  [API] - Sending request to endpoint DELETE-https://reqres.in/api/users/3.
🤖 CYBORG 🤖 2025-11-27T09:17:15,363 [scenario=RoAGeneratedTest.shouldCreateAndDeleteLeaderUserSuccessfully] EXTENDED [API] - Request body: .
🤖 CYBORG 🤖 2025-11-27T09:17:15,366 [scenario=RoAGeneratedTest.shouldCreateAndDeleteLeaderUserSuccessfully] EXTENDED [API] - Request headers: Content-Type=application/json
🤖 CYBORG 🤖 2025-11-27T09:17:15,528 [scenario=RoAGeneratedTest.shouldCreateAndDeleteLeaderUserSuccessfully] STEP  [API] - Response with status: 204 received from endpoint: DELETE-https://reqres.in/api/users/3 in 158ms.
🤖 CYBORG 🤖 2025-11-27T09:17:15,532 [scenario=RoAGeneratedTest.shouldCreateAndDeleteLeaderUserSuccessfully] EXTENDED [API] - Response body: .
🤖 CYBORG 🤖 2025-11-27T09:17:15,534 [scenario=RoAGeneratedTest.shouldCreateAndDeleteLeaderUserSuccessfully] EXTENDED [API] - Response headers: Date=Thu, 27 Nov 2025 09:17:15 GMT
🤖 CYBORG 🤖 2025-11-27T09:17:15,539 [scenario=RoAGeneratedTest.shouldCreateAndDeleteLeaderUserSuccessfully] INFO  [API] - Starting response validation with 1 assertion(s).
🤖 CYBORG 🤖 2025-11-27T09:17:15,541 [scenario=RoAGeneratedTest.shouldCreateAndDeleteLeaderUserSuccessfully] EXTENDED [API] - Validation target: [{AssertionKeyForStatus=204}]
🤖 CYBORG 🤖 2025-11-27T09:17:15,544 [scenario=RoAGeneratedTest.shouldCreateAndDeleteLeaderUserSuccessfully] VALIDATION [QUEST] - ✔ Validation passed: IS (Expected: 204, Actual: 204)
🤖 CYBORG 🤖 2025-11-27T09:17:15,547 [scenario=RoAGeneratedTest.shouldCreateAndDeleteLeaderUserSuccessfully] INFO  [QUEST] - DataRipper processed target: 'DELETE_ADMIN_USER'.
🤖 CYBORG 🤖 2025-11-27T09:17:15,559 [scenario=RoAGeneratedTest.shouldCreateAndDeleteLeaderUserSuccessfully] INFO  [QUEST] - The quest of 'shouldCreateAndDeleteLeaderUserSuccessfully(Quest, Late)' has concluded with glory. Status: SUCCESS. Duration: 3 seconds.