🤖 CYBORG 🤖 2025-11-29T13:08:32,526 [scenario=AdvancedFeaturesTest.craftAndInsertionFeatures] INFO  [UI] - Chrome driver is downloaded with a compatible version for the installed browser
🤖 CYBORG 🤖 2025-11-29T13:08:32,542 [scenario=AdvancedFeaturesTest.craftAndInsertionFeatures] INFO  [UI] - Creating driver using provider [ChromeDriverProvider]. Headless: [true], Remote: [true], Remote URL: [http://localhost:4444]
🤖 CYBORG 🤖 2025-11-29T13:08:33,940 [scenario=AdvancedFeaturesTest.craftAndInsertionFeatures] INFO  [QUEST] - The quest: 'craftAndInsertionFeatures(Quest, Seller, Order)' has begun and is crafted.
🤖 CYBORG 🤖 2025-11-29T13:08:33,972 [scenario=AdvancedFeaturesTest.craftAndInsertionFeatures] INFO  [QUEST] - The quest has used the ring: 'io.cyborgcode.ui.complex.test.framework.ui.AppUiService'
🤖 CYBORG 🤖 2025-11-29T13:08:38,471 [scenario=AdvancedFeaturesTest.craftAndInsertionFeatures] STEP  [UI] - Inserting value into component of type: 'VA_INPUT_TYPE' using locator.
🤖 CYBORG 🤖 2025-11-29T13:08:38,477 [scenario=AdvancedFeaturesTest.craftAndInsertionFeatures] STEP  [UI] - Inserting value: 'admin@vaadin.com' into input component of type: 'VA_INPUT_TYPE'.
🤖 CYBORG 🤖 2025-11-29T13:08:38,983 [scenario=AdvancedFeaturesTest.craftAndInsertionFeatures] STEP  [UI] - Inserting value into component of type: 'VA_INPUT_TYPE' using locator.
🤖 CYBORG 🤖 2025-11-29T13:08:38,989 [scenario=AdvancedFeaturesTest.craftAndInsertionFeatures] STEP  [UI] - Inserting value: 'admin' into input component of type: 'VA_INPUT_TYPE'.
🤖 CYBORG 🤖 2025-11-29T13:08:39,277 [scenario=AdvancedFeaturesTest.craftAndInsertionFeatures] INFO  [UI] - Finished data insertion for [Seller].
🤖 CYBORG 🤖 2025-11-29T13:08:39,375 [scenario=AdvancedFeaturesTest.craftAndInsertionFeatures] STEP  [UI] - Clicking button using locator: By.tagName: vaadin-button
🤖 CYBORG 🤖 2025-11-29T13:08:42,140 [scenario=AdvancedFeaturesTest.craftAndInsertionFeatures] STEP  [UI] - Clicking button using locator: By.cssSelector: vaadin-button#action
🤖 CYBORG 🤖 2025-11-29T13:08:43,053 [scenario=AdvancedFeaturesTest.craftAndInsertionFeatures] STEP  [UI] - Inserting value into component of type: 'VA_INPUT_TYPE' using locator.
🤖 CYBORG 🤖 2025-11-29T13:08:43,058 [scenario=AdvancedFeaturesTest.craftAndInsertionFeatures] STEP  [UI] - Inserting value: 'John Terry' into input component of type: 'VA_INPUT_TYPE'.
🤖 CYBORG 🤖 2025-11-29T13:08:43,461 [scenario=AdvancedFeaturesTest.craftAndInsertionFeatures] STEP  [UI] - Inserting value into component of type: 'VA_INPUT_TYPE' using locator.
🤖 CYBORG 🤖 2025-11-29T13:08:43,464 [scenario=AdvancedFeaturesTest.craftAndInsertionFeatures] STEP  [UI] - Inserting value: 'Address' into input component of type: 'VA_INPUT_TYPE'.
🤖 CYBORG 🤖 2025-11-29T13:08:43,842 [scenario=AdvancedFeaturesTest.craftAndInsertionFeatures] STEP  [UI] - Inserting value into component of type: 'VA_INPUT_TYPE' using locator.
🤖 CYBORG 🤖 2025-11-29T13:08:43,845 [scenario=AdvancedFeaturesTest.craftAndInsertionFeatures] STEP  [UI] - Inserting value: '+1-555-7777' into input component of type: 'VA_INPUT_TYPE'.
🤖 CYBORG 🤖 2025-11-29T13:08:44,177 [scenario=AdvancedFeaturesTest.craftAndInsertionFeatures] STEP  [UI] - Inserting values [Bakery] for select component VA_SELECT_TYPE using locator By.cssSelector: vaadin-combo-box#pickupLocation
🤖 CYBORG 🤖 2025-11-29T13:08:44,187 [scenario=AdvancedFeaturesTest.craftAndInsertionFeatures] STEP  [UI] - Selecting options [Bakery] in container with locator By.cssSelector: vaadin-combo-box#pickupLocation for select component VA_SELECT_TYPE
🤖 CYBORG 🤖 2025-11-29T13:08:44,844 [scenario=AdvancedFeaturesTest.craftAndInsertionFeatures] STEP  [UI] - Inserting values [Strawberry Bun] for select component VA_SELECT_TYPE using locator By.cssSelector: vaadin-combo-box#products
🤖 CYBORG 🤖 2025-11-29T13:08:44,848 [scenario=AdvancedFeaturesTest.craftAndInsertionFeatures] STEP  [UI] - Selecting options [Strawberry Bun] in container with locator By.cssSelector: vaadin-combo-box#products for select component VA_SELECT_TYPE
🤖 CYBORG 🤖 2025-11-29T13:08:45,380 [scenario=AdvancedFeaturesTest.craftAndInsertionFeatures] INFO  [UI] - Finished data insertion for [Order].
🤖 CYBORG 🤖 2025-11-29T13:08:45,457 [scenario=AdvancedFeaturesTest.craftAndInsertionFeatures] STEP  [UI] - Clicking button using locator: By.cssSelector: vaadin-button#review
🤖 CYBORG 🤖 2025-11-29T13:08:46,340 [scenario=AdvancedFeaturesTest.craftAndInsertionFeatures] STEP  [UI] - Clicking button using locator: By.cssSelector: vaadin-button#save
🤖 CYBORG 🤖 2025-11-29T13:08:47,150 [scenario=AdvancedFeaturesTest.craftAndInsertionFeatures] INFO  [QUEST] - The quest has dropped the ring.
🤖 CYBORG 🤖 2025-11-29T13:08:47,154 [scenario=AdvancedFeaturesTest.craftAndInsertionFeatures] INFO  [QUEST] - The quest has used the ring: 'Custom'
🤖 CYBORG 🤖 2025-11-29T13:08:47,158 [scenario=AdvancedFeaturesTest.craftAndInsertionFeatures] INFO  [QUEST] - The quest has used the ring: 'io.cyborgcode.ui.complex.test.framework.ui.AppUiService'
🤖 CYBORG 🤖 2025-11-29T13:08:47,234 [scenario=AdvancedFeaturesTest.craftAndInsertionFeatures] STEP  [UI] - Inserting value: 'John Terry' into input component of type: 'VA_INPUT_TYPE'.
🤖 CYBORG 🤖 2025-11-29T13:08:47,532 [scenario=AdvancedFeaturesTest.craftAndInsertionFeatures] VALIDATION [QUEST] - Starting hard validation...
🤖 CYBORG 🤖 2025-11-29T13:08:47,742 [scenario=AdvancedFeaturesTest.craftAndInsertionFeatures] VALIDATION [QUEST] - Hard validation completed successfully.
🤖 CYBORG 🤖 2025-11-29T13:08:47,819 [scenario=AdvancedFeaturesTest.craftAndInsertionFeatures] STEP  [UI] - Clicking button using locator: By.cssSelector: vaadin-button#clear
🤖 CYBORG 🤖 2025-11-29T13:08:48,557 [scenario=AdvancedFeaturesTest.craftAndInsertionFeatures] INFO  [QUEST] - The quest has dropped the ring.
🤖 CYBORG 🤖 2025-11-29T13:08:48,562 [scenario=AdvancedFeaturesTest.craftAndInsertionFeatures] INFO  [QUEST] - The quest has reached his end
🤖 CYBORG 🤖 2025-11-29T13:08:48,567 [scenario=AdvancedFeaturesTest.craftAndInsertionFeatures] WARN  [UI] - Test failed. Taking screenshot for: craftAndInsertionFeatures(Quest, Seller, Order)
🤖 CYBORG 🤖 2025-11-29T13:08:48,751 [scenario=AdvancedFeaturesTest.craftAndInsertionFeatures] INFO  [QUEST] - Screenshot taken and stored for: craftAndInsertionFeatures(Quest, Seller, Order)
🤖 CYBORG 🤖 2025-11-29T13:08:48,889 [scenario=AdvancedFeaturesTest.craftAndInsertionFeatures] INFO  [UI] - WebDriver closed successfully.
🤖 CYBORG 🤖 2025-11-29T13:08:48,905 [scenario=AdvancedFeaturesTest.craftAndInsertionFeatures] INFO  [QUEST] - The quest of 'craftAndInsertionFeatures(Quest, Seller, Order)' has concluded with glory. Status: SUCCESS. Duration: 18 seconds.