Obtained database connection for: null
{"@version":1,"source_host":"DESKTOP-4TIJ8R7","message":"Obtained database connection for: null","thread_name":"main","@timestamp":"2026-02-04T21:16:58.300+0100","level":"INFO","logger_name":"ROA.DB"}
Obtained database connection for: null
{"@version":1,"source_host":"DESKTOP-4TIJ8R7","message":"Obtained database connection for: null","thread_name":"main","@timestamp":"2026-02-04T21:16:58.344+0100","level":"INFO","logger_name":"ROA.DB"}
Obtained database connection for: null
{"@version":1,"source_host":"DESKTOP-4TIJ8R7","message":"Obtained database connection for: null","thread_name":"main","@timestamp":"2026-02-04T21:16:58.425+0100","level":"INFO","logger_name":"ROA.DB"}
Obtained database connection for: null
{"@version":1,"source_host":"DESKTOP-4TIJ8R7","message":"Obtained database connection for: null","thread_name":"main","@timestamp":"2026-02-04T21:16:58.602+0100","level":"INFO","logger_name":"ROA.DB"}
Obtained database connection for: null
{"@version":1,"source_host":"DESKTOP-4TIJ8R7","message":"Obtained database connection for: null","thread_name":"main","@timestamp":"2026-02-04T21:16:58.822+0100","level":"INFO","logger_name":"ROA.DB"}
Executing database query: SELECT * FROM users
{"@version":1,"source_host":"DESKTOP-4TIJ8R7","message":"Executing database query: SELECT * FROM users","thread_name":"main","@timestamp":"2026-02-04T21:16:58.823+0100","level":"STEP","logger_name":"ROA.DB"}
Query 'SELECT * FROM users' executed in 1ms, result count: 0
{"@version":1,"source_host":"DESKTOP-4TIJ8R7","message":"Query 'SELECT * FROM users' executed in 1ms, result count: 0","thread_name":"main","@timestamp":"2026-02-04T21:16:58.826+0100","level":"STEP","logger_name":"ROA.DB"}
Obtained database connection for: null
{"@version":1,"source_host":"DESKTOP-4TIJ8R7","message":"Obtained database connection for: null","thread_name":"main","@timestamp":"2026-02-04T21:16:58.843+0100","level":"INFO","logger_name":"ROA.DB"}
Obtained database connection for: null
{"@version":1,"source_host":"DESKTOP-4TIJ8R7","message":"Obtained database connection for: null","thread_name":"main","@timestamp":"2026-02-04T21:16:58.858+0100","level":"INFO","logger_name":"ROA.DB"}
Registered database driver for type: mockDbType
{"@version":1,"source_host":"DESKTOP-4TIJ8R7","message":"Registered database driver for type: mockDbType","thread_name":"main","@timestamp":"2026-02-04T21:17:00.807+0100","level":"INFO","logger_name":"ROA.DB"}
Successfully created connection for URL: jdbc:mock://localhost:5432/testdb
{"@version":1,"source_host":"DESKTOP-4TIJ8R7","message":"Successfully created connection for URL: jdbc:mock://localhost:5432/testdb","thread_name":"main","@timestamp":"2026-02-04T21:17:00.810+0100","level":"INFO","logger_name":"ROA.DB"}
Failed to close connection for URL: jdbc:mock://localhost:5432/testdb
java.sql.SQLException: Simulated close failure
	at io.cyborgcode.roa.db.connector.BaseDbConnectorService.lambda$closeConnections$1(BaseDbConnectorService.java:104)
	at java.base/java.util.concurrent.ConcurrentHashMap.forEach(ConcurrentHashMap.java:1603)
	at io.cyborgcode.roa.db.connector.BaseDbConnectorService.closeConnections(BaseDbConnectorService.java:101)
	at io.cyborgcode.roa.db.connector.BaseDbConnectorService.closeConnections(BaseDbConnectorService.java:101)
	at io.cyborgcode.roa.db.connector.BaseDbConnectorServiceTest$ConnectionClosingTests.lambda$testCloseConnections_ShouldHandleSQLExceptionOnClose$7(BaseDbConnectorServiceTest.java:276)
	at org.junit.jupiter.api.AssertDoesNotThrow.assertDoesNotThrow(AssertDoesNotThrow.java:52)
	at org.junit.jupiter.api.AssertDoesNotThrow.assertDoesNotThrow(AssertDoesNotThrow.java:43)
	at org.junit.jupiter.api.Assertions.assertDoesNotThrow(Assertions.java:3314)
	at io.cyborgcode.roa.db.connector.BaseDbConnectorServiceTest$ConnectionClosingTests.testCloseConnections_ShouldHandleSQLExceptionOnClose(BaseDbConnectorServiceTest.java:276)
	at java.base/jdk.internal.reflect.NativeMethodAccessorImpl.invoke0(Native Method)
	at java.base/jdk.internal.reflect.NativeMethodAccessorImpl.invoke(NativeMethodAccessorImpl.java:77)
	at java.base/jdk.internal.reflect.DelegatingMethodAccessorImpl.invoke(DelegatingMethodAccessorImpl.java:43)
	at java.base/java.lang.reflect.Method.invoke(Method.java:569)
	at org.junit.platform.commons.util.ReflectionUtils.invokeMethod(ReflectionUtils.java:701)
	at org.junit.platform.commons.support.ReflectionSupport.invokeMethod(ReflectionSupport.java:502)
	at org.junit.jupiter.engine.support.MethodReflectionUtils.invoke(MethodReflectionUtils.java:45)
	at org.junit.jupiter.engine.execution.MethodInvocation.proceed(MethodInvocation.java:61)
	at org.junit.jupiter.engine.execution.InvocationInterceptorChain$ValidatingInvocation.proceed(InvocationInterceptorChain.java:124)
	at org.junit.jupiter.engine.extension.TimeoutExtension.intercept(TimeoutExtension.java:163)
	at org.junit.jupiter.engine.extension.TimeoutExtension.interceptTestableMethod(TimeoutExtension.java:148)
	at org.junit.jupiter.engine.extension.TimeoutExtension.interceptTestMethod(TimeoutExtension.java:86)
	at org.junit.jupiter.engine.execution.InterceptingExecutableInvoker$ReflectiveInterceptorCall.lambda$ofVoidMethod$0(InterceptingExecutableInvoker.java:123)
	at org.junit.jupiter.engine.execution.InterceptingExecutableInvoker.lambda$invoke$0(InterceptingExecutableInvoker.java:105)
	at org.junit.jupiter.engine.execution.InvocationInterceptorChain$InterceptedInvocation.proceed(InvocationInterceptorChain.java:99)
	at org.junit.jupiter.engine.execution.InvocationInterceptorChain.proceed(InvocationInterceptorChain.java:66)
	at org.junit.jupiter.engine.execution.InvocationInterceptorChain.chainAndInvoke(InvocationInterceptorChain.java:47)
	at org.junit.jupiter.engine.execution.InvocationInterceptorChain.invoke(InvocationInterceptorChain.java:39)
	at org.junit.jupiter.engine.execution.InterceptingExecutableInvoker.invoke(InterceptingExecutableInvoker.java:104)
	at org.junit.jupiter.engine.execution.InterceptingExecutableInvoker.invoke(InterceptingExecutableInvoker.java:98)
	at org.junit.jupiter.engine.execution.InterceptingExecutableInvoker.invokeVoid(InterceptingExecutableInvoker.java:71)
	at org.junit.jupiter.engine.descriptor.TestMethodTestDescriptor.lambda$invokeTestMethod$0(TestMethodTestDescriptor.java:219)
	at org.junit.platform.engine.support.hierarchical.ThrowableCollector.execute(ThrowableCollector.java:74)
	at org.junit.jupiter.engine.descriptor.TestMethodTestDescriptor.invokeTestMethod(TestMethodTestDescriptor.java:215)
	at org.junit.jupiter.engine.descriptor.TestMethodTestDescriptor.execute(TestMethodTestDescriptor.java:157)
	at org.junit.jupiter.engine.descriptor.TestMethodTestDescriptor.execute(TestMethodTestDescriptor.java:70)
	at org.junit.platform.engine.support.hierarchical.NodeTestTask.lambda$executeRecursively$2(NodeTestTask.java:176)
	at org.junit.platform.engine.support.hierarchical.ThrowableCollector.execute(ThrowableCollector.java:74)
	at org.junit.platform.engine.support.hierarchical.NodeTestTask.lambda$executeRecursively$1(NodeTestTask.java:166)
	at org.junit.platform.engine.support.hierarchical.Node.around(Node.java:138)
	at org.junit.platform.engine.support.hierarchical.NodeTestTask.lambda$executeRecursively$0(NodeTestTask.java:164)
	at org.junit.platform.engine.support.hierarchical.ThrowableCollector.execute(ThrowableCollector.java:74)
	at org.junit.platform.engine.support.hierarchical.NodeTestTask.executeRecursively(NodeTestTask.java:163)
	at org.junit.platform.engine.support.hierarchical.NodeTestTask.execute(NodeTestTask.java:116)
	at java.base/java.util.ArrayList.forEach(ArrayList.java:1511)
	at org.junit.platform.engine.support.hierarchical.SameThreadHierarchicalTestExecutorService.invokeAll(SameThreadHierarchicalTestExecutorService.java:42)
	at org.junit.platform.engine.support.hierarchical.NodeTestTask.lambda$executeRecursively$2(NodeTestTask.java:180)
	at org.junit.platform.engine.support.hierarchical.ThrowableCollector.execute(ThrowableCollector.java:74)
	at org.junit.platform.engine.support.hierarchical.NodeTestTask.lambda$executeRecursively$1(NodeTestTask.java:166)
	at org.junit.platform.engine.support.hierarchical.Node.around(Node.java:138)
	at org.junit.platform.engine.support.hierarchical.NodeTestTask.lambda$executeRecursively$0(NodeTestTask.java:164)
	at org.junit.platform.engine.support.hierarchical.ThrowableCollector.execute(ThrowableCollector.java:74)
	at org.junit.platform.engine.support.hierarchical.NodeTestTask.executeRecursively(NodeTestTask.java:163)
	at org.junit.platform.engine.support.hierarchical.NodeTestTask.execute(NodeTestTask.java:116)
	at java.base/java.util.ArrayList.forEach(ArrayList.java:1511)
	at org.junit.platform.engine.support.hierarchical.SameThreadHierarchicalTestExecutorService.invokeAll(SameThreadHierarchicalTestExecutorService.java:42)
	at org.junit.platform.engine.support.hierarchical.NodeTestTask.lambda$executeRecursively$2(NodeTestTask.java:180)
	at org.junit.platform.engine.support.hierarchical.ThrowableCollector.execute(ThrowableCollector.java:74)
	at org.junit.platform.engine.support.hierarchical.NodeTestTask.lambda$executeRecursively$1(NodeTestTask.java:166)
	at org.junit.platform.engine.support.hierarchical.Node.around(Node.java:138)
	at org.junit.platform.engine.support.hierarchical.NodeTestTask.lambda$executeRecursively$0(NodeTestTask.java:164)
	at org.junit.platform.engine.support.hierarchical.ThrowableCollector.execute(ThrowableCollector.java:74)
	at org.junit.platform.engine.support.hierarchical.NodeTestTask.executeRecursively(NodeTestTask.java:163)
	at org.junit.platform.engine.support.hierarchical.NodeTestTask.execute(NodeTestTask.java:116)
	at java.base/java.util.ArrayList.forEach(ArrayList.java:1511)
	at org.junit.platform.engine.support.hierarchical.SameThreadHierarchicalTestExecutorService.invokeAll(SameThreadHierarchicalTestExecutorService.java:42)
	at org.junit.platform.engine.support.hierarchical.NodeTestTask.lambda$executeRecursively$2(NodeTestTask.java:180)
	at org.junit.platform.engine.support.hierarchical.ThrowableCollector.execute(ThrowableCollector.java:74)
	at org.junit.platform.engine.support.hierarchical.NodeTestTask.lambda$executeRecursively$1(NodeTestTask.java:166)
	at org.junit.platform.engine.support.hierarchical.Node.around(Node.java:138)
	at org.junit.platform.engine.support.hierarchical.NodeTestTask.lambda$executeRecursively$0(NodeTestTask.java:164)
	at org.junit.platform.engine.support.hierarchical.ThrowableCollector.execute(ThrowableCollector.java:74)
	at org.junit.platform.engine.support.hierarchical.NodeTestTask.executeRecursively(NodeTestTask.java:163)
	at org.junit.platform.engine.support.hierarchical.NodeTestTask.execute(NodeTestTask.java:116)
	at org.junit.platform.engine.support.hierarchical.SameThreadHierarchicalTestExecutorService.submit(SameThreadHierarchicalTestExecutorService.java:36)
	at org.junit.platform.engine.support.hierarchical.HierarchicalTestExecutor.execute(HierarchicalTestExecutor.java:52)
	at org.junit.platform.engine.support.hierarchical.HierarchicalTestEngine.execute(HierarchicalTestEngine.java:58)
	at org.junit.platform.launcher.core.EngineExecutionOrchestrator.executeEngine(EngineExecutionOrchestrator.java:246)
	at org.junit.platform.launcher.core.EngineExecutionOrchestrator.failOrExecuteEngine(EngineExecutionOrchestrator.java:218)
	at org.junit.platform.launcher.core.EngineExecutionOrchestrator.execute(EngineExecutionOrchestrator.java:179)
	at org.junit.platform.launcher.core.EngineExecutionOrchestrator.execute(EngineExecutionOrchestrator.java:108)
	at org.junit.platform.launcher.core.EngineExecutionOrchestrator.lambda$execute$0(EngineExecutionOrchestrator.java:66)
	at org.junit.platform.launcher.core.EngineExecutionOrchestrator.withInterceptedStreams(EngineExecutionOrchestrator.java:157)
	at org.junit.platform.launcher.core.EngineExecutionOrchestrator.execute(EngineExecutionOrchestrator.java:65)
	at org.junit.platform.launcher.core.DefaultLauncher.execute(DefaultLauncher.java:125)
	at org.junit.platform.launcher.core.DefaultLauncher.execute(DefaultLauncher.java:114)
	at org.junit.platform.launcher.core.DelegatingLauncher.execute(DelegatingLauncher.java:58)
	at org.junit.platform.launcher.core.InterceptingLauncher.lambda$execute$2(InterceptingLauncher.java:57)
	at org.junit.platform.launcher.core.ClasspathAlignmentCheckingLauncherInterceptor.intercept(ClasspathAlignmentCheckingLauncherInterceptor.java:25)
	at org.junit.platform.launcher.core.InterceptingLauncher.execute(InterceptingLauncher.java:56)
	at org.junit.platform.launcher.core.DelegatingLauncher.execute(DelegatingLauncher.java:58)
	at java.base/jdk.internal.reflect.NativeMethodAccessorImpl.invoke0(Native Method)
	at java.base/jdk.internal.reflect.NativeMethodAccessorImpl.invoke(NativeMethodAccessorImpl.java:77)
	at java.base/jdk.internal.reflect.DelegatingMethodAccessorImpl.invoke(DelegatingMethodAccessorImpl.java:43)
	at java.base/java.lang.reflect.Method.invoke(Method.java:569)
	at org.apache.maven.surefire.api.util.ReflectionUtils.invokeMethodWithArray(ReflectionUtils.java:125)
	at org.apache.maven.surefire.junitplatform.LauncherAdapter.executeWithCancellationToken(LauncherAdapter.java:68)
	at org.apache.maven.surefire.junitplatform.LauncherAdapter.execute(LauncherAdapter.java:54)
	at org.apache.maven.surefire.junitplatform.JUnitPlatformProvider.execute(JUnitPlatformProvider.java:203)
	at org.apache.maven.surefire.junitplatform.JUnitPlatformProvider.invokeAllTests(JUnitPlatformProvider.java:168)
	at org.apache.maven.surefire.junitplatform.JUnitPlatformProvider.invoke(JUnitPlatformProvider.java:136)
	at org.apache.maven.surefire.booter.ForkedBooter.runSuitesInProcess(ForkedBooter.java:385)
	at org.apache.maven.surefire.booter.ForkedBooter.execute(ForkedBooter.java:162)
	at org.apache.maven.surefire.booter.ForkedBooter.run(ForkedBooter.java:507)
	at org.apache.maven.surefire.booter.ForkedBooter.main(ForkedBooter.java:495)
{"exception":{"exception_class":"java.sql.SQLException","exception_message":"Simulated close failure","stacktrace":"java.sql.SQLException: Simulated close failure\r\n\tat io.cyborgcode.roa.db.connector.BaseDbConnectorService.lambda$closeConnections$1(BaseDbConnectorService.java:104)\r\n\tat java.base/java.util.concurrent.ConcurrentHashMap.forEach(ConcurrentHashMap.java:1603)\r\n\tat io.cyborgcode.roa.db.connector.BaseDbConnectorService.closeConnections(BaseDbConnectorService.java:101)\r\n\tat io.cyborgcode.roa.db.connector.BaseDbConnectorService.closeConnections(BaseDbConnectorService.java:101)\r\n\tat io.cyborgcode.roa.db.connector.BaseDbConnectorServiceTest$ConnectionClosingTests.lambda$testCloseConnections_ShouldHandleSQLExceptionOnClose$7(BaseDbConnectorServiceTest.java:276)\r\n\tat org.junit.jupiter.api.AssertDoesNotThrow.assertDoesNotThrow(AssertDoesNotThrow.java:52)\r\n\tat org.junit.jupiter.api.AssertDoesNotThrow.assertDoesNotThrow(AssertDoesNotThrow.java:43)\r\n\tat org.junit.jupiter.api.Assertions.assertDoesNotThrow(Assertions.java:3314)\r\n\tat io.cyborgcode.roa.db.connector.BaseDbConnectorServiceTest$ConnectionClosingTests.testCloseConnections_ShouldHandleSQLExceptionOnClose(BaseDbConnectorServiceTest.java:276)\r\n\tat java.base/jdk.internal.reflect.NativeMethodAccessorImpl.invoke0(Native Method)\r\n\tat java.base/jdk.internal.reflect.NativeMethodAccessorImpl.invoke(NativeMethodAccessorImpl.java:77)\r\n\tat java.base/jdk.internal.reflect.DelegatingMethodAccessorImpl.invoke(DelegatingMethodAccessorImpl.java:43)\r\n\tat java.base/java.lang.reflect.Method.invoke(Method.java:569)\r\n\tat org.junit.platform.commons.util.ReflectionUtils.invokeMethod(ReflectionUtils.java:701)\r\n\tat org.junit.platform.commons.support.ReflectionSupport.invokeMethod(ReflectionSupport.java:502)\r\n\tat org.junit.jupiter.engine.support.MethodReflectionUtils.invoke(MethodReflectionUtils.java:45)\r\n\tat org.junit.jupiter.engine.execution.MethodInvocation.proceed(MethodInvocation.java:61)\r\n\tat org.junit.jupiter.engine.execution.InvocationInterceptorChain$ValidatingInvocation.proceed(InvocationInterceptorChain.java:124)\r\n\tat org.junit.jupiter.engine.extension.TimeoutExtension.intercept(TimeoutExtension.java:163)\r\n\tat org.junit.jupiter.engine.extension.TimeoutExtension.interceptTestableMethod(TimeoutExtension.java:148)\r\n\tat org.junit.jupiter.engine.extension.TimeoutExtension.interceptTestMethod(TimeoutExtension.java:86)\r\n\tat org.junit.jupiter.engine.execution.InterceptingExecutableInvoker$ReflectiveInterceptorCall.lambda$ofVoidMethod$0(InterceptingExecutableInvoker.java:123)\r\n\tat org.junit.jupiter.engine.execution.InterceptingExecutableInvoker.lambda$invoke$0(InterceptingExecutableInvoker.java:105)\r\n\tat org.junit.jupiter.engine.execution.InvocationInterceptorChain$InterceptedInvocation.proceed(InvocationInterceptorChain.java:99)\r\n\tat org.junit.jupiter.engine.execution.InvocationInterceptorChain.proceed(InvocationInterceptorChain.java:66)\r\n\tat org.junit.jupiter.engine.execution.InvocationInterceptorChain.chainAndInvoke(InvocationInterceptorChain.java:47)\r\n\tat org.junit.jupiter.engine.execution.InvocationInterceptorChain.invoke(InvocationInterceptorChain.java:39)\r\n\tat org.junit.jupiter.engine.execution.InterceptingExecutableInvoker.invoke(InterceptingExecutableInvoker.java:104)\r\n\tat org.junit.jupiter.engine.execution.InterceptingExecutableInvoker.invoke(InterceptingExecutableInvoker.java:98)\r\n\tat org.junit.jupiter.engine.execution.InterceptingExecutableInvoker.invokeVoid(InterceptingExecutableInvoker.java:71)\r\n\tat org.junit.jupiter.engine.descriptor.TestMethodTestDescriptor.lambda$invokeTestMethod$0(TestMethodTestDescriptor.java:219)\r\n\tat org.junit.platform.engine.support.hierarchical.ThrowableCollector.execute(ThrowableCollector.java:74)\r\n\tat org.junit.jupiter.engine.descriptor.TestMethodTestDescriptor.invokeTestMethod(TestMethodTestDescriptor.java:215)\r\n\tat org.junit.jupiter.engine.descriptor.TestMethodTestDescriptor.execute(TestMethodTestDescriptor.java:157)\r\n\tat org.junit.jupiter.engine.descriptor.TestMethodTestDescriptor.execute(TestMethodTestDescriptor.java:70)\r\n\tat org.junit.platform.engine.support.hierarchical.NodeTestTask.lambda$executeRecursively$2(NodeTestTask.java:176)\r\n\tat org.junit.platform.engine.support.hierarchical.ThrowableCollector.execute(ThrowableCollector.java:74)\r\n\tat org.junit.platform.engine.support.hierarchical.NodeTestTask.lambda$executeRecursively$1(NodeTestTask.java:166)\r\n\tat org.junit.platform.engine.support.hierarchical.Node.around(Node.java:138)\r\n\tat org.junit.platform.engine.support.hierarchical.NodeTestTask.lambda$executeRecursively$0(NodeTestTask.java:164)\r\n\tat org.junit.platform.engine.support.hierarchical.ThrowableCollector.execute(ThrowableCollector.java:74)\r\n\tat org.junit.platform.engine.support.hierarchical.NodeTestTask.executeRecursively(NodeTestTask.java:163)\r\n\tat org.junit.platform.engine.support.hierarchical.NodeTestTask.execute(NodeTestTask.java:116)\r\n\tat java.base/java.util.ArrayList.forEach(ArrayList.java:1511)\r\n\tat org.junit.platform.engine.support.hierarchical.SameThreadHierarchicalTestExecutorService.invokeAll(SameThreadHierarchicalTestExecutorService.java:42)\r\n\tat org.junit.platform.engine.support.hierarchical.NodeTestTask.lambda$executeRecursively$2(NodeTestTask.java:180)\r\n\tat org.junit.platform.engine.support.hierarchical.ThrowableCollector.execute(ThrowableCollector.java:74)\r\n\tat org.junit.platform.engine.support.hierarchical.NodeTestTask.lambda$executeRecursively$1(NodeTestTask.java:166)\r\n\tat org.junit.platform.engine.support.hierarchical.Node.around(Node.java:138)\r\n\tat org.junit.platform.engine.support.hierarchical.NodeTestTask.lambda$executeRecursively$0(NodeTestTask.java:164)\r\n\tat org.junit.platform.engine.support.hierarchical.ThrowableCollector.execute(ThrowableCollector.java:74)\r\n\tat org.junit.platform.engine.support.hierarchical.NodeTestTask.executeRecursively(NodeTestTask.java:163)\r\n\tat org.junit.platform.engine.support.hierarchical.NodeTestTask.execute(NodeTestTask.java:116)\r\n\tat java.base/java.util.ArrayList.forEach(ArrayList.java:1511)\r\n\tat org.junit.platform.engine.support.hierarchical.SameThreadHierarchicalTestExecutorService.invokeAll(SameThreadHierarchicalTestExecutorService.java:42)\r\n\tat org.junit.platform.engine.support.hierarchical.NodeTestTask.lambda$executeRecursively$2(NodeTestTask.java:180)\r\n\tat org.junit.platform.engine.support.hierarchical.ThrowableCollector.execute(ThrowableCollector.java:74)\r\n\tat org.junit.platform.engine.support.hierarchical.NodeTestTask.lambda$executeRecursively$1(NodeTestTask.java:166)\r\n\tat org.junit.platform.engine.support.hierarchical.Node.around(Node.java:138)\r\n\tat org.junit.platform.engine.support.hierarchical.NodeTestTask.lambda$executeRecursively$0(NodeTestTask.java:164)\r\n\tat org.junit.platform.engine.support.hierarchical.ThrowableCollector.execute(ThrowableCollector.java:74)\r\n\tat org.junit.platform.engine.support.hierarchical.NodeTestTask.executeRecursively(NodeTestTask.java:163)\r\n\tat org.junit.platform.engine.support.hierarchical.NodeTestTask.execute(NodeTestTask.java:116)\r\n\tat java.base/java.util.ArrayList.forEach(ArrayList.java:1511)\r\n\tat org.junit.platform.engine.support.hierarchical.SameThreadHierarchicalTestExecutorService.invokeAll(SameThreadHierarchicalTestExecutorService.java:42)\r\n\tat org.junit.platform.engine.support.hierarchical.NodeTestTask.lambda$executeRecursively$2(NodeTestTask.java:180)\r\n\tat org.junit.platform.engine.support.hierarchical.ThrowableCollector.execute(ThrowableCollector.java:74)\r\n\tat org.junit.platform.engine.support.hierarchical.NodeTestTask.lambda$executeRecursively$1(NodeTestTask.java:166)\r\n\tat org.junit.platform.engine.support.hierarchical.Node.around(Node.java:138)\r\n\tat org.junit.platform.engine.support.hierarchical.NodeTestTask.lambda$executeRecursively$0(NodeTestTask.java:164)\r\n\tat org.junit.platform.engine.support.hierarchical.ThrowableCollector.execute(ThrowableCollector.java:74)\r\n\tat org.junit.platform.engine.support.hierarchical.NodeTestTask.executeRecursively(NodeTestTask.java:163)\r\n\tat org.junit.platform.engine.support.hierarchical.NodeTestTask.execute(NodeTestTask.java:116)\r\n\tat org.junit.platform.engine.support.hierarchical.SameThreadHierarchicalTestExecutorService.submit(SameThreadHierarchicalTestExecutorService.java:36)\r\n\tat org.junit.platform.engine.support.hierarchical.HierarchicalTestExecutor.execute(HierarchicalTestExecutor.java:52)\r\n\tat org.junit.platform.engine.support.hierarchical.HierarchicalTestEngine.execute(HierarchicalTestEngine.java:58)\r\n\tat org.junit.platform.launcher.core.EngineExecutionOrchestrator.executeEngine(EngineExecutionOrchestrator.java:246)\r\n\tat org.junit.platform.launcher.core.EngineExecutionOrchestrator.failOrExecuteEngine(EngineExecutionOrchestrator.java:218)\r\n\tat org.junit.platform.launcher.core.EngineExecutionOrchestrator.execute(EngineExecutionOrchestrator.java:179)\r\n\tat org.junit.platform.launcher.core.EngineExecutionOrchestrator.execute(EngineExecutionOrchestrator.java:108)\r\n\tat org.junit.platform.launcher.core.EngineExecutionOrchestrator.lambda$execute$0(EngineExecutionOrchestrator.java:66)\r\n\tat org.junit.platform.launcher.core.EngineExecutionOrchestrator.withInterceptedStreams(EngineExecutionOrchestrator.java:157)\r\n\tat org.junit.platform.launcher.core.EngineExecutionOrchestrator.execute(EngineExecutionOrchestrator.java:65)\r\n\tat org.junit.platform.launcher.core.DefaultLauncher.execute(DefaultLauncher.java:125)\r\n\tat org.junit.platform.launcher.core.DefaultLauncher.execute(DefaultLauncher.java:114)\r\n\tat org.junit.platform.launcher.core.DelegatingLauncher.execute(DelegatingLauncher.java:58)\r\n\tat org.junit.platform.launcher.core.InterceptingLauncher.lambda$execute$2(InterceptingLauncher.java:57)\r\n\tat org.junit.platform.launcher.core.ClasspathAlignmentCheckingLauncherInterceptor.intercept(ClasspathAlignmentCheckingLauncherInterceptor.java:25)\r\n\tat org.junit.platform.launcher.core.InterceptingLauncher.execute(InterceptingLauncher.java:56)\r\n\tat org.junit.platform.launcher.core.DelegatingLauncher.execute(DelegatingLauncher.java:58)\r\n\tat java.base/jdk.internal.reflect.NativeMethodAccessorImpl.invoke0(Native Method)\r\n\tat java.base/jdk.internal.reflect.NativeMethodAccessorImpl.invoke(NativeMethodAccessorImpl.java:77)\r\n\tat java.base/jdk.internal.reflect.DelegatingMethodAccessorImpl.invoke(DelegatingMethodAccessorImpl.java:43)\r\n\tat java.base/java.lang.reflect.Method.invoke(Method.java:569)\r\n\tat org.apache.maven.surefire.api.util.ReflectionUtils.invokeMethodWithArray(ReflectionUtils.java:125)\r\n\tat org.apache.maven.surefire.junitplatform.LauncherAdapter.executeWithCancellationToken(LauncherAdapter.java:68)\r\n\tat org.apache.maven.surefire.junitplatform.LauncherAdapter.execute(LauncherAdapter.java:54)\r\n\tat org.apache.maven.surefire.junitplatform.JUnitPlatformProvider.execute(JUnitPlatformProvider.java:203)\r\n\tat org.apache.maven.surefire.junitplatform.JUnitPlatformProvider.invokeAllTests(JUnitPlatformProvider.java:168)\r\n\tat org.apache.maven.surefire.junitplatform.JUnitPlatformProvider.invoke(JUnitPlatformProvider.java:136)\r\n\tat org.apache.maven.surefire.booter.ForkedBooter.runSuitesInProcess(ForkedBooter.java:385)\r\n\tat org.apache.maven.surefire.booter.ForkedBooter.execute(ForkedBooter.java:162)\r\n\tat org.apache.maven.surefire.booter.ForkedBooter.run(ForkedBooter.java:507)\r\n\tat org.apache.maven.surefire.booter.ForkedBooter.main(ForkedBooter.java:495)\r\n"},"@version":1,"source_host":"DESKTOP-4TIJ8R7","message":"Failed to close connection for URL: jdbc:mock://localhost:5432/testdb","thread_name":"main","@timestamp":"2026-02-04T21:17:00.816+0100","level":"WARN","logger_name":"ROA.DB"}
Cleared all connections and registered types.
{"@version":1,"source_host":"DESKTOP-4TIJ8R7","message":"Cleared all connections and registered types.","thread_name":"main","@timestamp":"2026-02-04T21:17:00.830+0100","level":"INFO","logger_name":"ROA.DB"}
Cleared all connections and registered types.
{"@version":1,"source_host":"DESKTOP-4TIJ8R7","message":"Cleared all connections and registered types.","thread_name":"main","@timestamp":"2026-02-04T21:17:00.833+0100","level":"INFO","logger_name":"ROA.DB"}
Cleared all connections and registered types.
{"@version":1,"source_host":"DESKTOP-4TIJ8R7","message":"Cleared all connections and registered types.","thread_name":"main","@timestamp":"2026-02-04T21:17:00.843+0100","level":"INFO","logger_name":"ROA.DB"}
Cleared all connections and registered types.
{"@version":1,"source_host":"DESKTOP-4TIJ8R7","message":"Cleared all connections and registered types.","thread_name":"main","@timestamp":"2026-02-04T21:17:00.844+0100","level":"INFO","logger_name":"ROA.DB"}
Registered database driver for type: mockDbType
{"@version":1,"source_host":"DESKTOP-4TIJ8R7","message":"Registered database driver for type: mockDbType","thread_name":"main","@timestamp":"2026-02-04T21:17:00.868+0100","level":"INFO","logger_name":"ROA.DB"}
Successfully created connection for URL: jdbc:mock://localhost:5432/testdb
{"@version":1,"source_host":"DESKTOP-4TIJ8R7","message":"Successfully created connection for URL: jdbc:mock://localhost:5432/testdb","thread_name":"main","@timestamp":"2026-02-04T21:17:00.870+0100","level":"INFO","logger_name":"ROA.DB"}
Closed connection for URL: jdbc:mock://localhost:5432/testdb
{"@version":1,"source_host":"DESKTOP-4TIJ8R7","message":"Closed connection for URL: jdbc:mock://localhost:5432/testdb","thread_name":"main","@timestamp":"2026-02-04T21:17:00.872+0100","level":"INFO","logger_name":"ROA.DB"}
Cleared all connections and registered types.
{"@version":1,"source_host":"DESKTOP-4TIJ8R7","message":"Cleared all connections and registered types.","thread_name":"main","@timestamp":"2026-02-04T21:17:00.925+0100","level":"INFO","logger_name":"ROA.DB"}
Registered database driver for type: mockDbType
{"@version":1,"source_host":"DESKTOP-4TIJ8R7","message":"Registered database driver for type: mockDbType","thread_name":"main","@timestamp":"2026-02-04T21:17:00.934+0100","level":"INFO","logger_name":"ROA.DB"}
Successfully created connection for URL: jdbc:mock://localhost:5432/testdb
{"@version":1,"source_host":"DESKTOP-4TIJ8R7","message":"Successfully created connection for URL: jdbc:mock://localhost:5432/testdb","thread_name":"main","@timestamp":"2026-02-04T21:17:00.953+0100","level":"INFO","logger_name":"ROA.DB"}
Closed connection for URL: jdbc:mock://localhost:5432/testdb
{"@version":1,"source_host":"DESKTOP-4TIJ8R7","message":"Closed connection for URL: jdbc:mock://localhost:5432/testdb","thread_name":"main","@timestamp":"2026-02-04T21:17:00.993+0100","level":"INFO","logger_name":"ROA.DB"}
Cleared all connections and registered types.
{"@version":1,"source_host":"DESKTOP-4TIJ8R7","message":"Cleared all connections and registered types.","thread_name":"main","@timestamp":"2026-02-04T21:17:01.000+0100","level":"INFO","logger_name":"ROA.DB"}
Registered database driver for type: mockDbType
{"@version":1,"source_host":"DESKTOP-4TIJ8R7","message":"Registered database driver for type: mockDbType","thread_name":"main","@timestamp":"2026-02-04T21:17:01.011+0100","level":"INFO","logger_name":"ROA.DB"}
Successfully created connection for URL: jdbc:mock://localhost:5432/testdb
{"@version":1,"source_host":"DESKTOP-4TIJ8R7","message":"Successfully created connection for URL: jdbc:mock://localhost:5432/testdb","thread_name":"main","@timestamp":"2026-02-04T21:17:01.012+0100","level":"INFO","logger_name":"ROA.DB"}
Cleared all connections and registered types.
{"@version":1,"source_host":"DESKTOP-4TIJ8R7","message":"Cleared all connections and registered types.","thread_name":"main","@timestamp":"2026-02-04T21:17:01.014+0100","level":"INFO","logger_name":"ROA.DB"}
Cleared all connections and registered types.
{"@version":1,"source_host":"DESKTOP-4TIJ8R7","message":"Cleared all connections and registered types.","thread_name":"main","@timestamp":"2026-02-04T21:17:01.016+0100","level":"INFO","logger_name":"ROA.DB"}
Registered database driver for type: mockDbType
{"@version":1,"source_host":"DESKTOP-4TIJ8R7","message":"Registered database driver for type: mockDbType","thread_name":"main","@timestamp":"2026-02-04T21:17:01.044+0100","level":"INFO","logger_name":"ROA.DB"}
Successfully created connection for URL: jdbc:mock://localhost:5432/testdb
{"@version":1,"source_host":"DESKTOP-4TIJ8R7","message":"Successfully created connection for URL: jdbc:mock://localhost:5432/testdb","thread_name":"main","@timestamp":"2026-02-04T21:17:01.045+0100","level":"INFO","logger_name":"ROA.DB"}
Closed connection for URL: jdbc:mock://localhost:5432/testdb
{"@version":1,"source_host":"DESKTOP-4TIJ8R7","message":"Closed connection for URL: jdbc:mock://localhost:5432/testdb","thread_name":"main","@timestamp":"2026-02-04T21:17:01.052+0100","level":"INFO","logger_name":"ROA.DB"}
Cleared all connections and registered types.
{"@version":1,"source_host":"DESKTOP-4TIJ8R7","message":"Cleared all connections and registered types.","thread_name":"main","@timestamp":"2026-02-04T21:17:01.054+0100","level":"INFO","logger_name":"ROA.DB"}
Cleared all connections and registered types.
{"@version":1,"source_host":"DESKTOP-4TIJ8R7","message":"Cleared all connections and registered types.","thread_name":"main","@timestamp":"2026-02-04T21:17:01.077+0100","level":"INFO","logger_name":"ROA.DB"}
Cleared all connections and registered types.
{"@version":1,"source_host":"DESKTOP-4TIJ8R7","message":"Cleared all connections and registered types.","thread_name":"main","@timestamp":"2026-02-04T21:17:01.130+0100","level":"INFO","logger_name":"ROA.DB"}
Cleared all connections and registered types.
{"@version":1,"source_host":"DESKTOP-4TIJ8R7","message":"Cleared all connections and registered types.","thread_name":"main","@timestamp":"2026-02-04T21:17:01.147+0100","level":"INFO","logger_name":"ROA.DB"}
Cleared all connections and registered types.
{"@version":1,"source_host":"DESKTOP-4TIJ8R7","message":"Cleared all connections and registered types.","thread_name":"main","@timestamp":"2026-02-04T21:17:01.168+0100","level":"INFO","logger_name":"ROA.DB"}
Cleared all connections and registered types.
{"@version":1,"source_host":"DESKTOP-4TIJ8R7","message":"Cleared all connections and registered types.","thread_name":"main","@timestamp":"2026-02-04T21:17:01.185+0100","level":"INFO","logger_name":"ROA.DB"}
Registered database driver for type: mockDbType
{"@version":1,"source_host":"DESKTOP-4TIJ8R7","message":"Registered database driver for type: mockDbType","thread_name":"main","@timestamp":"2026-02-04T21:17:01.209+0100","level":"INFO","logger_name":"ROA.DB"}
Successfully created connection for URL: jdbc:mock://localhost:5432/testdb
{"@version":1,"source_host":"DESKTOP-4TIJ8R7","message":"Successfully created connection for URL: jdbc:mock://localhost:5432/testdb","thread_name":"main","@timestamp":"2026-02-04T21:17:01.211+0100","level":"INFO","logger_name":"ROA.DB"}
Closed connection for URL: jdbc:mock://localhost:5432/testdb
{"@version":1,"source_host":"DESKTOP-4TIJ8R7","message":"Closed connection for URL: jdbc:mock://localhost:5432/testdb","thread_name":"main","@timestamp":"2026-02-04T21:17:01.217+0100","level":"INFO","logger_name":"ROA.DB"}
Cleared all connections and registered types.
{"@version":1,"source_host":"DESKTOP-4TIJ8R7","message":"Cleared all connections and registered types.","thread_name":"main","@timestamp":"2026-02-04T21:17:01.218+0100","level":"INFO","logger_name":"ROA.DB"}
Registered database driver for type: mockDbType
{"@version":1,"source_host":"DESKTOP-4TIJ8R7","message":"Registered database driver for type: mockDbType","thread_name":"main","@timestamp":"2026-02-04T21:17:01.261+0100","level":"INFO","logger_name":"ROA.DB"}
Successfully created connection for URL: jdbc:mock://localhost:5432/testdb
{"@version":1,"source_host":"DESKTOP-4TIJ8R7","message":"Successfully created connection for URL: jdbc:mock://localhost:5432/testdb","thread_name":"main","@timestamp":"2026-02-04T21:17:01.263+0100","level":"INFO","logger_name":"ROA.DB"}
Successfully created connection for URL: jdbc:mock://localhost:5432/otherdb
{"@version":1,"source_host":"DESKTOP-4TIJ8R7","message":"Successfully created connection for URL: jdbc:mock://localhost:5432/otherdb","thread_name":"main","@timestamp":"2026-02-04T21:17:01.267+0100","level":"INFO","logger_name":"ROA.DB"}
Closed connection for URL: jdbc:mock://localhost:5432/testdb
{"@version":1,"source_host":"DESKTOP-4TIJ8R7","message":"Closed connection for URL: jdbc:mock://localhost:5432/testdb","thread_name":"main","@timestamp":"2026-02-04T21:17:01.270+0100","level":"INFO","logger_name":"ROA.DB"}
Closed connection for URL: jdbc:mock://localhost:5432/otherdb
{"@version":1,"source_host":"DESKTOP-4TIJ8R7","message":"Closed connection for URL: jdbc:mock://localhost:5432/otherdb","thread_name":"main","@timestamp":"2026-02-04T21:17:01.273+0100","level":"INFO","logger_name":"ROA.DB"}
Cleared all connections and registered types.
{"@version":1,"source_host":"DESKTOP-4TIJ8R7","message":"Cleared all connections and registered types.","thread_name":"main","@timestamp":"2026-02-04T21:17:01.274+0100","level":"INFO","logger_name":"ROA.DB"}
Registered database driver for type: mockDbType
{"@version":1,"source_host":"DESKTOP-4TIJ8R7","message":"Registered database driver for type: mockDbType","thread_name":"main","@timestamp":"2026-02-04T21:17:01.289+0100","level":"INFO","logger_name":"ROA.DB"}
Cleared all connections and registered types.
{"@version":1,"source_host":"DESKTOP-4TIJ8R7","message":"Cleared all connections and registered types.","thread_name":"main","@timestamp":"2026-02-04T21:17:01.297+0100","level":"INFO","logger_name":"ROA.DB"}
Cleared all connections and registered types.
{"@version":1,"source_host":"DESKTOP-4TIJ8R7","message":"Cleared all connections and registered types.","thread_name":"main","@timestamp":"2026-02-04T21:17:01.306+0100","level":"INFO","logger_name":"ROA.DB"}
Executing SQL: CREATE TABLE users (
    id SERIAL PRIMARY KEY,
    name VARCHAR(100) NOT NULL,
    email VARCHAR(100) NOT NULL UNIQUE
)
{"@version":1,"source_host":"DESKTOP-4TIJ8R7","message":"Executing SQL: CREATE TABLE users (\n    id SERIAL PRIMARY KEY,\n    name VARCHAR(100) NOT NULL,\n    email VARCHAR(100) NOT NULL UNIQUE\n)","thread_name":"main","@timestamp":"2026-02-04T21:17:03.027+0100","level":"INFO","logger_name":"ROA.DB"}
Executing SQL: INSERT INTO users (name, email) VALUES ('John Doe', 'john.doe@example.com')
{"@version":1,"source_host":"DESKTOP-4TIJ8R7","message":"Executing SQL: INSERT INTO users (name, email) VALUES ('John Doe', 'john.doe@example.com')","thread_name":"main","@timestamp":"2026-02-04T21:17:03.193+0100","level":"INFO","logger_name":"ROA.DB"}
Executing SQL: INSERT INTO users (name, email) VALUES ('Jane Doe', 'jane.doe@example.com')
{"@version":1,"source_host":"DESKTOP-4TIJ8R7","message":"Executing SQL: INSERT INTO users (name, email) VALUES ('Jane Doe', 'jane.doe@example.com')","thread_name":"main","@timestamp":"2026-02-04T21:17:03.207+0100","level":"INFO","logger_name":"ROA.DB"}
first
{"@version":1,"source_host":"DESKTOP-4TIJ8R7","message":"first","thread_name":"main","@timestamp":"2026-02-04T21:17:05.582+0100","level":"INFO","logger_name":"ROA.DB"}
second
{"@version":1,"source_host":"DESKTOP-4TIJ8R7","message":"second","thread_name":"main","@timestamp":"2026-02-04T21:17:05.584+0100","level":"INFO","logger_name":"ROA.DB"}
message
{"@version":1,"source_host":"DESKTOP-4TIJ8R7","message":"message","thread_name":"main","@timestamp":"2026-02-04T21:17:05.588+0100","level":"INFO","logger_name":"ROA.DB"}
message
{"@version":1,"source_host":"DESKTOP-4TIJ8R7","message":"message","thread_name":"main","@timestamp":"2026-02-04T21:17:05.592+0100","level":"INFO","logger_name":"ROA.DB"}
message
{"@version":1,"source_host":"DESKTOP-4TIJ8R7","message":"message","thread_name":"main","@timestamp":"2026-02-04T21:17:05.593+0100","level":"WARN","logger_name":"ROA.DB"}
message
{"@version":1,"source_host":"DESKTOP-4TIJ8R7","message":"message","thread_name":"main","@timestamp":"2026-02-04T21:17:05.595+0100","level":"ERROR","logger_name":"ROA.DB"}
message
{"@version":1,"source_host":"DESKTOP-4TIJ8R7","message":"message","thread_name":"main","@timestamp":"2026-02-04T21:17:05.596+0100","level":"STEP","logger_name":"ROA.DB"}
message
{"@version":1,"source_host":"DESKTOP-4TIJ8R7","message":"message","thread_name":"main","@timestamp":"2026-02-04T21:17:05.597+0100","level":"VALIDATION","logger_name":"ROA.DB"}
message
{"@version":1,"source_host":"DESKTOP-4TIJ8R7","message":"message","thread_name":"main","@timestamp":"2026-02-04T21:17:05.602+0100","level":"INFO","logger_name":"ROA.DB"}
message
{"@version":1,"source_host":"DESKTOP-4TIJ8R7","message":"message","thread_name":"main","@timestamp":"2026-02-04T21:17:05.603+0100","level":"INFO","logger_name":"ROA.DB"}
tpl: 123
{"@version":1,"source_host":"DESKTOP-4TIJ8R7","message":"tpl: 123","thread_name":"main","@timestamp":"2026-02-04T21:17:05.607+0100","level":"INFO","logger_name":"ROA.DB"}
tpl: 123
{"@version":1,"source_host":"DESKTOP-4TIJ8R7","message":"tpl: 123","thread_name":"main","@timestamp":"2026-02-04T21:17:05.608+0100","level":"WARN","logger_name":"ROA.DB"}
tpl: 123
{"@version":1,"source_host":"DESKTOP-4TIJ8R7","message":"tpl: 123","thread_name":"main","@timestamp":"2026-02-04T21:17:05.609+0100","level":"ERROR","logger_name":"ROA.DB"}
tpl: 123
{"@version":1,"source_host":"DESKTOP-4TIJ8R7","message":"tpl: 123","thread_name":"main","@timestamp":"2026-02-04T21:17:05.610+0100","level":"STEP","logger_name":"ROA.DB"}
tpl: 123
{"@version":1,"source_host":"DESKTOP-4TIJ8R7","message":"tpl: 123","thread_name":"main","@timestamp":"2026-02-04T21:17:05.611+0100","level":"VALIDATION","logger_name":"ROA.DB"}
Extracting value from query result: 'SELECT * FROM users' using JSONPath expression: '$.name' and casting to 'String'.
{"@version":1,"source_host":"DESKTOP-4TIJ8R7","message":"Extracting value from query result: 'SELECT * FROM users' using JSONPath expression: '$.name' and casting to 'String'.","thread_name":"main","@timestamp":"2026-02-04T21:17:06.086+0100","level":"STEP","logger_name":"ROA.DB"}
Extracting value from query result: 'SELECT * FROM users' using JSONPath expression: '$.name' and casting to 'String'.
{"@version":1,"source_host":"DESKTOP-4TIJ8R7","message":"Extracting value from query result: 'SELECT * FROM users' using JSONPath expression: '$.name' and casting to 'String'.","thread_name":"main","@timestamp":"2026-02-04T21:17:06.131+0100","level":"STEP","logger_name":"ROA.DB"}
Starting query response validation with 1 assertion(s).
{"@version":1,"source_host":"DESKTOP-4TIJ8R7","message":"Starting query response validation with 1 assertion(s).","thread_name":"main","@timestamp":"2026-02-04T21:17:06.325+0100","level":"INFO","logger_name":"ROA.DB"}
Starting query response validation with 1 assertion(s).
{"@version":1,"source_host":"DESKTOP-4TIJ8R7","message":"Starting query response validation with 1 assertion(s).","thread_name":"main","@timestamp":"2026-02-04T21:17:06.334+0100","level":"INFO","logger_name":"ROA.DB"}
Starting query response validation with 1 assertion(s).
{"@version":1,"source_host":"DESKTOP-4TIJ8R7","message":"Starting query response validation with 1 assertion(s).","thread_name":"main","@timestamp":"2026-02-04T21:17:06.356+0100","level":"INFO","logger_name":"ROA.DB"}
Starting query response validation with 1 assertion(s).
{"@version":1,"source_host":"DESKTOP-4TIJ8R7","message":"Starting query response validation with 1 assertion(s).","thread_name":"main","@timestamp":"2026-02-04T21:17:06.362+0100","level":"INFO","logger_name":"ROA.DB"}
Starting query response validation with 1 assertion(s).
{"@version":1,"source_host":"DESKTOP-4TIJ8R7","message":"Starting query response validation with 1 assertion(s).","thread_name":"main","@timestamp":"2026-02-04T21:17:06.367+0100","level":"INFO","logger_name":"ROA.DB"}
Starting query response validation with 3 assertion(s).
{"@version":1,"source_host":"DESKTOP-4TIJ8R7","message":"Starting query response validation with 3 assertion(s).","thread_name":"main","@timestamp":"2026-02-04T21:17:06.372+0100","level":"INFO","logger_name":"ROA.DB"}
Starting query response validation with 1 assertion(s).
{"@version":1,"source_host":"DESKTOP-4TIJ8R7","message":"Starting query response validation with 1 assertion(s).","thread_name":"main","@timestamp":"2026-02-04T21:17:06.379+0100","level":"INFO","logger_name":"ROA.DB"}
Starting query response validation with 1 assertion(s).
{"@version":1,"source_host":"DESKTOP-4TIJ8R7","message":"Starting query response validation with 1 assertion(s).","thread_name":"main","@timestamp":"2026-02-04T21:17:06.386+0100","level":"INFO","logger_name":"ROA.DB"}
Starting query response validation with 1 assertion(s).
{"@version":1,"source_host":"DESKTOP-4TIJ8R7","message":"Starting query response validation with 1 assertion(s).","thread_name":"main","@timestamp":"2026-02-04T21:17:06.393+0100","level":"INFO","logger_name":"ROA.DB"}
