🤖 CYBORG 🤖 2025-11-29T10:43:41,175 [scenario=AdvancedFeaturesTest.craftAndInsertionFeatures] INFO  [UI] - Chrome driver is downloaded with a compatible version for the installed browser
🤖 CYBORG 🤖 2025-11-29T10:43:41,190 [scenario=AdvancedFeaturesTest.craftAndInsertionFeatures] INFO  [UI] - Creating driver using provider [ChromeDriverProvider]. Headless: [true], Remote: [true], Remote URL: [http://localhost:4444]
🤖 CYBORG 🤖 2025-11-29T10:43:42,519 [scenario=AdvancedFeaturesTest.craftAndInsertionFeatures] INFO  [QUEST] - The quest: 'craftAndInsertionFeatures(Quest, Seller, Order)' has begun and is crafted.
🤖 CYBORG 🤖 2025-11-29T10:43:42,554 [scenario=AdvancedFeaturesTest.craftAndInsertionFeatures] INFO  [QUEST] - The quest has used the ring: 'io.cyborgcode.ui.complex.test.framework.ui.AppUiService'
🤖 CYBORG 🤖 2025-11-29T10:43:43,484 [scenario=AdvancedFeaturesTest.craftAndInsertionFeatures] STEP  [UI] - Inserting value into component of type: 'VA_INPUT_TYPE' using locator.
🤖 CYBORG 🤖 2025-11-29T10:43:43,493 [scenario=AdvancedFeaturesTest.craftAndInsertionFeatures] STEP  [UI] - Inserting value: 'admin@vaadin.com' into input component of type: 'VA_INPUT_TYPE'.
🤖 CYBORG 🤖 2025-11-29T10:43:43,917 [scenario=AdvancedFeaturesTest.craftAndInsertionFeatures] STEP  [UI] - Inserting value into component of type: 'VA_INPUT_TYPE' using locator.
🤖 CYBORG 🤖 2025-11-29T10:43:43,922 [scenario=AdvancedFeaturesTest.craftAndInsertionFeatures] STEP  [UI] - Inserting value: 'admin' into input component of type: 'VA_INPUT_TYPE'.
🤖 CYBORG 🤖 2025-11-29T10:43:44,170 [scenario=AdvancedFeaturesTest.craftAndInsertionFeatures] INFO  [UI] - Finished data insertion for [Seller].
🤖 CYBORG 🤖 2025-11-29T10:43:44,285 [scenario=AdvancedFeaturesTest.craftAndInsertionFeatures] STEP  [UI] - Clicking button using locator: By.tagName: vaadin-button
🤖 CYBORG 🤖 2025-11-29T10:43:45,211 [scenario=AdvancedFeaturesTest.craftAndInsertionFeatures] STEP  [UI] - Clicking button using locator: By.cssSelector: vaadin-button#action
🤖 CYBORG 🤖 2025-11-29T10:43:46,071 [scenario=AdvancedFeaturesTest.craftAndInsertionFeatures] STEP  [UI] - Inserting value into component of type: 'VA_INPUT_TYPE' using locator.
🤖 CYBORG 🤖 2025-11-29T10:43:46,076 [scenario=AdvancedFeaturesTest.craftAndInsertionFeatures] STEP  [UI] - Inserting value: 'John Terry' into input component of type: 'VA_INPUT_TYPE'.
🤖 CYBORG 🤖 2025-11-29T10:43:46,480 [scenario=AdvancedFeaturesTest.craftAndInsertionFeatures] STEP  [UI] - Inserting value into component of type: 'VA_INPUT_TYPE' using locator.
🤖 CYBORG 🤖 2025-11-29T10:43:46,484 [scenario=AdvancedFeaturesTest.craftAndInsertionFeatures] STEP  [UI] - Inserting value: 'Address' into input component of type: 'VA_INPUT_TYPE'.
🤖 CYBORG 🤖 2025-11-29T10:43:46,819 [scenario=AdvancedFeaturesTest.craftAndInsertionFeatures] STEP  [UI] - Inserting value into component of type: 'VA_INPUT_TYPE' using locator.
🤖 CYBORG 🤖 2025-11-29T10:43:46,823 [scenario=AdvancedFeaturesTest.craftAndInsertionFeatures] STEP  [UI] - Inserting value: '+1-555-7777' into input component of type: 'VA_INPUT_TYPE'.
🤖 CYBORG 🤖 2025-11-29T10:43:47,129 [scenario=AdvancedFeaturesTest.craftAndInsertionFeatures] STEP  [UI] - Inserting values [Bakery] for select component VA_SELECT_TYPE using locator By.cssSelector: vaadin-combo-box#pickupLocation
🤖 CYBORG 🤖 2025-11-29T10:43:47,138 [scenario=AdvancedFeaturesTest.craftAndInsertionFeatures] STEP  [UI] - Selecting options [Bakery] in container with locator By.cssSelector: vaadin-combo-box#pickupLocation for select component VA_SELECT_TYPE
🤖 CYBORG 🤖 2025-11-29T10:43:47,772 [scenario=AdvancedFeaturesTest.craftAndInsertionFeatures] STEP  [UI] - Inserting values [Strawberry Bun] for select component VA_SELECT_TYPE using locator By.cssSelector: vaadin-combo-box#products
🤖 CYBORG 🤖 2025-11-29T10:43:47,775 [scenario=AdvancedFeaturesTest.craftAndInsertionFeatures] STEP  [UI] - Selecting options [Strawberry Bun] in container with locator By.cssSelector: vaadin-combo-box#products for select component VA_SELECT_TYPE
🤖 CYBORG 🤖 2025-11-29T10:43:48,284 [scenario=AdvancedFeaturesTest.craftAndInsertionFeatures] INFO  [UI] - Finished data insertion for [Order].
🤖 CYBORG 🤖 2025-11-29T10:43:48,355 [scenario=AdvancedFeaturesTest.craftAndInsertionFeatures] STEP  [UI] - Clicking button using locator: By.cssSelector: vaadin-button#review
🤖 CYBORG 🤖 2025-11-29T10:43:49,184 [scenario=AdvancedFeaturesTest.craftAndInsertionFeatures] STEP  [UI] - Clicking button using locator: By.cssSelector: vaadin-button#save
🤖 CYBORG 🤖 2025-11-29T10:43:49,913 [scenario=AdvancedFeaturesTest.craftAndInsertionFeatures] INFO  [QUEST] - The quest has dropped the ring.
🤖 CYBORG 🤖 2025-11-29T10:43:49,918 [scenario=AdvancedFeaturesTest.craftAndInsertionFeatures] INFO  [QUEST] - The quest has used the ring: 'Custom'
🤖 CYBORG 🤖 2025-11-29T10:43:49,921 [scenario=AdvancedFeaturesTest.craftAndInsertionFeatures] INFO  [QUEST] - The quest has used the ring: 'io.cyborgcode.ui.complex.test.framework.ui.AppUiService'
🤖 CYBORG 🤖 2025-11-29T10:43:49,977 [scenario=AdvancedFeaturesTest.craftAndInsertionFeatures] STEP  [UI] - Inserting value: 'John Terry' into input component of type: 'VA_INPUT_TYPE'.
🤖 CYBORG 🤖 2025-11-29T10:43:50,227 [scenario=AdvancedFeaturesTest.craftAndInsertionFeatures] VALIDATION [QUEST] - Starting hard validation...
🤖 CYBORG 🤖 2025-11-29T10:43:50,389 [scenario=AdvancedFeaturesTest.craftAndInsertionFeatures] VALIDATION [QUEST] - Hard validation completed successfully.
🤖 CYBORG 🤖 2025-11-29T10:43:50,457 [scenario=AdvancedFeaturesTest.craftAndInsertionFeatures] STEP  [UI] - Clicking button using locator: By.cssSelector: vaadin-button#clear
🤖 CYBORG 🤖 2025-11-29T10:43:51,175 [scenario=AdvancedFeaturesTest.craftAndInsertionFeatures] INFO  [QUEST] - The quest has dropped the ring.
🤖 CYBORG 🤖 2025-11-29T10:43:51,178 [scenario=AdvancedFeaturesTest.craftAndInsertionFeatures] INFO  [QUEST] - The quest has reached his end
🤖 CYBORG 🤖 2025-11-29T10:43:51,182 [scenario=AdvancedFeaturesTest.craftAndInsertionFeatures] WARN  [UI] - Test failed. Taking screenshot for: craftAndInsertionFeatures(Quest, Seller, Order)
🤖 CYBORG 🤖 2025-11-29T10:43:51,351 [scenario=AdvancedFeaturesTest.craftAndInsertionFeatures] INFO  [QUEST] - Screenshot taken and stored for: craftAndInsertionFeatures(Quest, Seller, Order)
🤖 CYBORG 🤖 2025-11-29T10:43:51,472 [scenario=AdvancedFeaturesTest.craftAndInsertionFeatures] INFO  [UI] - WebDriver closed successfully.
🤖 CYBORG 🤖 2025-11-29T10:43:51,484 [scenario=AdvancedFeaturesTest.craftAndInsertionFeatures] INFO  [QUEST] - The quest of 'craftAndInsertionFeatures(Quest, Seller, Order)' has concluded with glory. Status: SUCCESS. Duration: 12 seconds.